2022-07-13 03:27:31,570 INFO o.h.v.i.u.Version [background-preinit] HV000001: Hibernate Validator 6.2.3.Final
2022-07-13 03:27:31,622 INFO o.s.b.StartupInfoLogger [main] Starting LogementApplication using Java 11.0.14 on Zoe with PID 3384 (/home/richie/Projet/Clients/LSD/Java version/logement1/logement/build/classes/java/main started by richie in /home/richie/Projet/Clients/LSD/Java version/logement1/logement)
2022-07-13 03:27:31,632 INFO o.s.b.SpringApplication [main] No active profile set, falling back to 1 default profile: "default"
2022-07-13 03:27:32,668 INFO o.s.d.r.c.RepositoryConfigurationDelegate [main] Bootstrapping Spring Data JPA repositories in DEFAULT mode.
2022-07-13 03:27:32,812 INFO o.s.d.r.c.RepositoryConfigurationDelegate [main] Finished Spring Data repository scanning in 136 ms. Found 16 JPA repository interfaces.
2022-07-13 03:27:33,454 INFO o.s.b.w.e.t.TomcatWebServer [main] Tomcat initialized with port(s): 8080 (http)
2022-07-13 03:27:33,466 INFO o.a.j.l.DirectJDKLog [main] Initializing ProtocolHandler ["http-nio-8080"]
2022-07-13 03:27:33,468 INFO o.a.j.l.DirectJDKLog [main] Starting service [Tomcat]
2022-07-13 03:27:33,469 INFO o.a.j.l.DirectJDKLog [main] Starting Servlet engine: [Apache Tomcat/9.0.60]
2022-07-13 03:27:33,687 INFO o.a.j.l.DirectJDKLog [main] Initializing Spring embedded WebApplicationContext
2022-07-13 03:27:33,687 INFO o.s.b.w.s.c.ServletWebServerApplicationContext [main] Root WebApplicationContext: initialization completed in 1999 ms
2022-07-13 03:27:33,983 INFO o.h.j.i.u.LogHelper [main] HHH000204: Processing PersistenceUnitInfo [name: default]
2022-07-13 03:27:34,025 INFO o.h.Version [main] HHH000412: Hibernate ORM core version 5.6.7.Final
2022-07-13 03:27:34,149 INFO o.h.a.c.r.j.JavaReflectionManager [main] HCANN000001: Hibernate Commons Annotations {5.1.2.Final}
2022-07-13 03:27:34,222 INFO c.z.h.HikariDataSource [main] HikariPool-1 - Starting...
2022-07-13 03:27:34,542 INFO c.z.h.HikariDataSource [main] HikariPool-1 - Start completed.
2022-07-13 03:27:34,558 INFO o.h.d.Dialect [main] HHH000400: Using dialect: org.hibernate.dialect.MySQL8Dialect
2022-07-13 03:27:40,773 INFO o.h.e.t.j.p.i.JtaPlatformInitiator [main] HHH000490: Using JtaPlatform implementation: [org.hibernate.engine.transaction.jta.platform.internal.NoJtaPlatform]
2022-07-13 03:27:40,783 INFO o.s.o.j.AbstractEntityManagerFactoryBean [main] Initialized JPA EntityManagerFactory for persistence unit 'default'
2022-07-13 03:27:41,101 WARN o.s.b.a.o.j.JpaBaseConfiguration$JpaWebConfiguration [main] spring.jpa.open-in-view is enabled by default. Therefore, database queries may be performed during view rendering. Explicitly configure spring.jpa.open-in-view to disable this warning
2022-07-13 03:27:41,931 INFO o.s.s.w.DefaultSecurityFilterChain [main] Will not secure any request
2022-07-13 03:27:42,382 INFO o.a.j.l.DirectJDKLog [main] Starting ProtocolHandler ["http-nio-8080"]
2022-07-13 03:27:42,395 INFO o.s.b.w.e.t.TomcatWebServer [main] Tomcat started on port(s): 8080 (http) with context path ''
2022-07-13 03:27:42,406 INFO o.s.b.StartupInfoLogger [main] Started LogementApplication in 11.41 seconds (JVM running for 14.434)
2022-07-13 03:27:47,039 INFO o.a.j.l.DirectJDKLog [http-nio-8080-exec-1] Initializing Spring DispatcherServlet 'dispatcherServlet'
2022-07-13 03:27:47,039 INFO o.s.w.s.FrameworkServlet [http-nio-8080-exec-1] Initializing Servlet 'dispatcherServlet'
2022-07-13 03:27:47,041 INFO o.s.w.s.FrameworkServlet [http-nio-8080-exec-1] Completed initialization in 1 ms
2022-07-13 03:27:47,054 INFO c.l.l.s.j.AuthTokenFilter [http-nio-8080-exec-1] http://localhost:8080/api/json
2022-07-13 03:27:51,966 INFO c.l.l.s.j.AuthTokenFilter [http-nio-8080-exec-2] http://localhost:8080/api/json
2022-07-13 03:27:56,967 INFO c.l.l.s.j.AuthTokenFilter [http-nio-8080-exec-3] http://localhost:8080/api/json
2022-07-13 03:28:01,970 INFO c.l.l.s.j.AuthTokenFilter [http-nio-8080-exec-4] http://localhost:8080/api/json
2022-07-13 03:28:06,968 INFO c.l.l.s.j.AuthTokenFilter [http-nio-8080-exec-5] http://localhost:8080/api/json
2022-07-13 03:28:11,973 INFO c.l.l.s.j.AuthTokenFilter [http-nio-8080-exec-6] http://localhost:8080/api/json
2022-07-13 03:28:16,972 INFO c.l.l.s.j.AuthTokenFilter [http-nio-8080-exec-7] http://localhost:8080/api/json
2022-07-13 03:28:21,973 INFO c.l.l.s.j.AuthTokenFilter [http-nio-8080-exec-8] http://localhost:8080/api/json
2022-07-13 03:28:26,973 INFO c.l.l.s.j.AuthTokenFilter [http-nio-8080-exec-9] http://localhost:8080/api/json
2022-07-13 03:28:31,976 INFO c.l.l.s.j.AuthTokenFilter [http-nio-8080-exec-10] http://localhost:8080/api/json
2022-07-13 03:28:36,975 INFO c.l.l.s.j.AuthTokenFilter [http-nio-8080-exec-1] http://localhost:8080/api/json
2022-07-13 03:28:41,978 INFO c.l.l.s.j.AuthTokenFilter [http-nio-8080-exec-2] http://localhost:8080/api/json
2022-07-13 03:28:46,976 INFO c.l.l.s.j.AuthTokenFilter [http-nio-8080-exec-3] http://localhost:8080/api/json
2022-07-13 03:28:51,978 INFO c.l.l.s.j.AuthTokenFilter [http-nio-8080-exec-4] http://localhost:8080/api/json
2022-07-13 03:28:56,979 INFO c.l.l.s.j.AuthTokenFilter [http-nio-8080-exec-5] http://localhost:8080/api/json
2022-07-13 03:28:57,529 INFO o.s.o.j.AbstractEntityManagerFactoryBean [SpringApplicationShutdownHook] Closing JPA EntityManagerFactory for persistence unit 'default'
2022-07-13 03:28:57,532 INFO c.z.h.HikariDataSource [SpringApplicationShutdownHook] HikariPool-1 - Shutdown initiated...
2022-07-13 03:28:57,548 INFO c.z.h.HikariDataSource [SpringApplicationShutdownHook] HikariPool-1 - Shutdown completed.
